<?xml version="1.0" encoding="UTF-8"?>
<!-- Generated by org.testng.reporters.JUnitReportReporter -->
<testsuite hostname="SUBIR" name="com.sdetProject.TestCases.TC003_DemoDeleteRequest" tests="2" failures="0" timestamp="16 Jul 2020 06:24:14 GMT" time="0.009" errors="0">
  <testcase name="CheckResponseBody" time="0.006" classname="com.sdetProject.TestCases.TC003_DemoDeleteRequest"/>
  <testcase name="CheckStatusCode" time="0.003" classname="com.sdetProject.TestCases.TC003_DemoDeleteRequest"/>
</testsuite> <!-- com.sdetProject.TestCases.TC003_DemoDeleteRequest -->
